# JRE version: OpenJDK Runtime Environment (8.0_112-b06) (build 1.8.0_112-release-b06)
# Java VM: OpenJDK 64-Bit Server VM (25.112-b06 mixed mode linux-amd64 compressed oops)
Heap:
 PSYoungGen      total 371200K, used 0K [0x00000000e0000000, 0x0000000100000000, 0x0000000100000000)
  eden space 249856K, 0% used [0x00000000e0000000,0x00000000e0000000,0x00000000ef400000)
  from space 121344K, 0% used [0x00000000f8980000,0x00000000f8980000,0x0000000100000000)
  to   space 137216K, 0% used [0x00000000ef400000,0x00000000ef400000,0x00000000f7a00000)
 ParOldGen       total 335872K, used 259214K [0x00000000a0000000, 0x00000000b4800000, 0x00000000e0000000)
  object space 335872K, 77% used [0x00000000a0000000,0x00000000afd23a10,0x00000000b4800000)
 Metaspace       used 64852K, capacity 66710K, committed 66944K, reserved 1107968K
  class space    used 8141K, capacity 8508K, committed 8576K, reserved 1048576K
GC Heap History (10 events):
Event: 138,552 GC heap after
Heap after GC invocations=31 (full 4):
 PSYoungGen      total 292352K, used 38395K [0x00000000e0000000, 0x00000000fc700000, 0x0000000100000000)
  eden space 253952K, 0% used [0x00000000e0000000,0x00000000e0000000,0x00000000ef800000)
  from space 38400K, 99% used [0x00000000ef800000,0x00000000f1d7ecd0,0x00000000f1d80000)
  to   space 79872K, 0% used [0x00000000f7900000,0x00000000f7900000,0x00000000fc700000)
 ParOldGen       total 177664K, used 172801K [0x00000000a0000000, 0x00000000aad80000, 0x00000000e0000000)
  object space 177664K, 97% used [0x00000000a0000000,0x00000000aa8c04d8,0x00000000aad80000)
 Metaspace       used 64746K, capacity 66646K, committed 66944K, reserved 1107968K
  class space    used 8140K, capacity 8508K, committed 8576K, reserved 1048576K
}
Event: 138,552 GC heap before
{Heap before GC invocations=32 (full 5):
 PSYoungGen      total 292352K, used 38395K [0x00000000e0000000, 0x00000000fc700000, 0x0000000100000000)
  eden space 253952K, 0% used [0x00000000e0000000,0x00000000e0000000,0x00000000ef800000)
  from space 38400K, 99% used [0x00000000ef800000,0x00000000f1d7ecd0,0x00000000f1d80000)
  to   space 79872K, 0% used [0x00000000f7900000,0x00000000f7900000,0x00000000fc700000)
 ParOldGen       total 177664K, used 172801K [0x00000000a0000000, 0x00000000aad80000, 0x00000000e0000000)
  object space 177664K, 97% used [0x00000000a0000000,0x00000000aa8c04d8,0x00000000aad80000)
 Metaspace       used 64746K, capacity 66646K, committed 66944K, reserved 1107968K
  class space    used 8140K, capacity 8508K, committed 8576K, reserved 1048576K
Event: 139,434 GC heap after
Heap after GC invocations=32 (full 5):
 PSYoungGen      total 292352K, used 19844K [0x00000000e0000000, 0x00000000fc700000, 0x0000000100000000)
  eden space 253952K, 0% used [0x00000000e0000000,0x00000000e0000000,0x00000000ef800000)
  from space 38400K, 51% used [0x00000000ef800000,0x00000000f0b61180,0x00000000f1d80000)
  to   space 79872K, 0% used [0x00000000f7900000,0x00000000f7900000,0x00000000fc700000)
 ParOldGen       total 335872K, used 177523K [0x00000000a0000000, 0x00000000b4800000, 0x00000000e0000000)
  object space 335872K, 52% used [0x00000000a0000000,0x00000000aad5cc70,0x00000000b4800000)
 Metaspace       used 64746K, capacity 66646K, committed 66944K, reserved 1107968K
  class space    used 8140K, capacity 8508K, committed 8576K, reserved 1048576K
}
Event: 140,072 GC heap before
{Heap before GC invocations=33 (full 5):
 PSYoungGen      total 292352K, used 273796K [0x00000000e0000000, 0x00000000fc700000, 0x0000000100000000)
  eden space 253952K, 100% used [0x00000000e0000000,0x00000000ef800000,0x00000000ef800000)
  from space 38400K, 51% used [0x00000000ef800000,0x00000000f0b61180,0x00000000f1d80000)
  to   space 79872K, 0% used [0x00000000f7900000,0x00000000f7900000,0x00000000fc700000)
 ParOldGen       total 335872K, used 177523K [0x00000000a0000000, 0x00000000b4800000, 0x00000000e0000000)
  object space 335872K, 52% used [0x00000000a0000000,0x00000000aad5cc70,0x00000000b4800000)
 Metaspace       used 64784K, capacity 66710K, committed 66944K, reserved 1107968K
  class space    used 8140K, capacity 8508K, committed 8576K, reserved 1048576K
Event: 140,233 GC heap after
Heap after GC invocations=33 (full 5):
 PSYoungGen      total 349184K, used 66027K [0x00000000e0000000, 0x00000000fbe00000, 0x0000000100000000)
  eden space 278528K, 0% used [0x00000000e0000000,0x00000000e0000000,0x00000000f1000000)
  from space 70656K, 93% used [0x00000000f7900000,0x00000000fb97af20,0x00000000fbe00000)
  to   space 89088K, 0% used [0x00000000f1000000,0x00000000f1000000,0x00000000f6700000)
 ParOldGen       total 335872K, used 198299K [0x00000000a0000000, 0x00000000b4800000, 0x00000000e0000000)
  object space 335872K, 59% used [0x00000000a0000000,0x00000000ac1a6d98,0x00000000b4800000)
 Metaspace       used 64784K, capacity 66710K, committed 66944K, reserved 1107968K
  class space    used 8140K, capacity 8508K, committed 8576K, reserved 1048576K
}
Event: 141,686 GC heap before
{Heap before GC invocations=34 (full 5):
 PSYoungGen      total 349184K, used 344555K [0x00000000e0000000, 0x00000000fbe00000, 0x0000000100000000)
  eden space 278528K, 100% used [0x00000000e0000000,0x00000000f1000000,0x00000000f1000000)
  from space 70656K, 93% used [0x00000000f7900000,0x00000000fb97af20,0x00000000fbe00000)
  to   space 89088K, 0% used [0x00000000f1000000,0x00000000f1000000,0x00000000f6700000)
 ParOldGen       total 335872K, used 198299K [0x00000000a0000000, 0x00000000b4800000, 0x00000000e0000000)
  object space 335872K, 59% used [0x00000000a0000000,0x00000000ac1a6d98,0x00000000b4800000)
 Metaspace       used 64845K, capacity 66710K, committed 66944K, reserved 1107968K
  class space    used 8141K, capacity 8508K, committed 8576K, reserved 1048576K
Event: 141,861 GC heap after
Heap after GC invocations=34 (full 5):
 PSYoungGen      total 367616K, used 89083K [0x00000000e0000000, 0x0000000100000000, 0x0000000100000000)
  eden space 278528K, 0% used [0x00000000e0000000,0x00000000e0000000,0x00000000f1000000)
  from space 89088K, 99% used [0x00000000f1000000,0x00000000f66fef90,0x00000000f6700000)
  to   space 121344K, 0% used [0x00000000f8980000,0x00000000f8980000,0x0000000100000000)
 ParOldGen       total 335872K, used 243574K [0x00000000a0000000, 0x00000000b4800000, 0x00000000e0000000)
  object space 335872K, 72% used [0x00000000a0000000,0x00000000aeddda50,0x00000000b4800000)
 Metaspace       used 64845K, capacity 66710K, committed 66944K, reserved 1107968K
  class space    used 8141K, capacity 8508K, committed 8576K, reserved 1048576K
}
Event: 142,542 GC heap before
{Heap before GC invocations=35 (full 5):
 PSYoungGen      total 367616K, used 367611K [0x00000000e0000000, 0x0000000100000000, 0x0000000100000000)
  eden space 278528K, 100% used [0x00000000e0000000,0x00000000f1000000,0x00000000f1000000)
  from space 89088K, 99% used [0x00000000f1000000,0x00000000f66fef90,0x00000000f6700000)
  to   space 121344K, 0% used [0x00000000f8980000,0x00000000f8980000,0x0000000100000000)
 ParOldGen       total 335872K, used 243574K [0x00000000a0000000, 0x00000000b4800000, 0x00000000e0000000)
  object space 335872K, 72% used [0x00000000a0000000,0x00000000aeddda50,0x00000000b4800000)
 Metaspace       used 64852K, capacity 66710K, committed 66944K, reserved 1107968K
  class space    used 8141K, capacity 8508K, committed 8576K, reserved 1048576K
Event: 142,952 GC heap after
Heap after GC invocations=35 (full 5):
 PSYoungGen      total 371200K, used 105411K [0x00000000e0000000, 0x0000000100000000, 0x0000000100000000)
  eden space 249856K, 0% used [0x00000000e0000000,0x00000000e0000000,0x00000000ef400000)
  from space 121344K, 86% used [0x00000000f8980000,0x00000000ff070ca0,0x0000000100000000)
  to   space 137216K, 0% used [0x00000000ef400000,0x00000000ef400000,0x00000000f7a00000)
 ParOldGen       total 335872K, used 328325K [0x00000000a0000000, 0x00000000b4800000, 0x00000000e0000000)
  object space 335872K, 97% used [0x00000000a0000000,0x00000000b40a15f8,0x00000000b4800000)
 Metaspace       used 64852K, capacity 66710K, committed 66944K, reserved 1107968K
  class space    used 8141K, capacity 8508K, committed 8576K, reserved 1048576K
}
Event: 142,952 GC heap before
{Heap before GC invocations=36 (full 6):
 PSYoungGen      total 371200K, used 105411K [0x00000000e0000000, 0x0000000100000000, 0x0000000100000000)
  eden space 249856K, 0% used [0x00000000e0000000,0x00000000e0000000,0x00000000ef400000)
  from space 121344K, 86% used [0x00000000f8980000,0x00000000ff070ca0,0x0000000100000000)
  to   space 137216K, 0% used [0x00000000ef400000,0x00000000ef400000,0x00000000f7a00000)
 ParOldGen       total 335872K, used 328325K [0x00000000a0000000, 0x00000000b4800000, 0x00000000e0000000)
  object space 335872K, 97% used [0x00000000a0000000,0x00000000b40a15f8,0x00000000b4800000)
 Metaspace       used 64852K, capacity 66710K, committed 66944K, reserved 1107968K
  class space    used 8141K, capacity 8508K, committed 8576K, reserved 1048576K

