# JRE version: OpenJDK Runtime Environment (8.0_112-b06) (build 1.8.0_112-release-b06)
# Java VM: OpenJDK 64-Bit Server VM (25.112-b06 mixed mode linux-amd64 compressed oops)
Heap:
 PSYoungGen      total 281600K, used 0K [0x00000000e0000000, 0x0000000100000000, 0x0000000100000000)
  eden space 175104K, 0% used [0x00000000e0000000,0x00000000e0000000,0x00000000eab00000)
  from space 106496K, 0% used [0x00000000f9800000,0x00000000f9800000,0x0000000100000000)
  to   space 174592K, 0% used [0x00000000eab00000,0x00000000eab00000,0x00000000f5580000)
 ParOldGen       total 357376K, used 280405K [0x00000000a0000000, 0x00000000b5d00000, 0x00000000e0000000)
  object space 357376K, 78% used [0x00000000a0000000,0x00000000b11d5560,0x00000000b5d00000)
 Metaspace       used 69463K, capacity 71762K, committed 72112K, reserved 1112064K
  class space    used 8629K, capacity 9010K, committed 9136K, reserved 1048576K
GC Heap History (10 events):
Event: 443,565 GC heap after
Heap after GC invocations=46 (full 8):
 PSYoungGen      total 390656K, used 0K [0x00000000e0000000, 0x0000000100000000, 0x0000000100000000)
  eden space 315392K, 0% used [0x00000000e0000000,0x00000000e0000000,0x00000000f3400000)
  from space 75264K, 0% used [0x00000000fb680000,0x00000000fb680000,0x0000000100000000)
  to   space 104448K, 0% used [0x00000000f3400000,0x00000000f3400000,0x00000000f9a00000)
 ParOldGen       total 357376K, used 183992K [0x00000000a0000000, 0x00000000b5d00000, 0x00000000e0000000)
  object space 357376K, 51% used [0x00000000a0000000,0x00000000ab3ae030,0x00000000b5d00000)
 Metaspace       used 69438K, capacity 71762K, committed 72112K, reserved 1112064K
  class space    used 8629K, capacity 9010K, committed 9136K, reserved 1048576K
}
Event: 444,944 GC heap before
{Heap before GC invocations=47 (full 8):
 PSYoungGen      total 390656K, used 315392K [0x00000000e0000000, 0x0000000100000000, 0x0000000100000000)
  eden space 315392K, 100% used [0x00000000e0000000,0x00000000f3400000,0x00000000f3400000)
  from space 75264K, 0% used [0x00000000fb680000,0x00000000fb680000,0x0000000100000000)
  to   space 104448K, 0% used [0x00000000f3400000,0x00000000f3400000,0x00000000f9a00000)
 ParOldGen       total 357376K, used 183992K [0x00000000a0000000, 0x00000000b5d00000, 0x00000000e0000000)
  object space 357376K, 51% used [0x00000000a0000000,0x00000000ab3ae030,0x00000000b5d00000)
 Metaspace       used 69456K, capacity 71762K, committed 72112K, reserved 1112064K
  class space    used 8629K, capacity 9010K, committed 9136K, reserved 1048576K
Event: 445,030 GC heap after
Heap after GC invocations=47 (full 8):
 PSYoungGen      total 419840K, used 54676K [0x00000000e0000000, 0x0000000100000000, 0x0000000100000000)
  eden space 315392K, 0% used [0x00000000e0000000,0x00000000e0000000,0x00000000f3400000)
  from space 104448K, 52% used [0x00000000f3400000,0x00000000f6965138,0x00000000f9a00000)
  to   space 100864K, 0% used [0x00000000f9d80000,0x00000000f9d80000,0x0000000100000000)
 ParOldGen       total 357376K, used 184000K [0x00000000a0000000, 0x00000000b5d00000, 0x00000000e0000000)
  object space 357376K, 51% used [0x00000000a0000000,0x00000000ab3b0030,0x00000000b5d00000)
 Metaspace       used 69456K, capacity 71762K, committed 72112K, reserved 1112064K
  class space    used 8629K, capacity 9010K, committed 9136K, reserved 1048576K
}
Event: 446,693 GC heap before
{Heap before GC invocations=48 (full 8):
 PSYoungGen      total 419840K, used 370068K [0x00000000e0000000, 0x0000000100000000, 0x0000000100000000)
  eden space 315392K, 100% used [0x00000000e0000000,0x00000000f3400000,0x00000000f3400000)
  from space 104448K, 52% used [0x00000000f3400000,0x00000000f6965138,0x00000000f9a00000)
  to   space 100864K, 0% used [0x00000000f9d80000,0x00000000f9d80000,0x0000000100000000)
 ParOldGen       total 357376K, used 184000K [0x00000000a0000000, 0x00000000b5d00000, 0x00000000e0000000)
  object space 357376K, 51% used [0x00000000a0000000,0x00000000ab3b0030,0x00000000b5d00000)
 Metaspace       used 69463K, capacity 71762K, committed 72112K, reserved 1112064K
  class space    used 8629K, capacity 9010K, committed 9136K, reserved 1048576K
Event: 446,801 GC heap after
Heap after GC invocations=48 (full 8):
 PSYoungGen      total 412160K, used 57810K [0x00000000e0000000, 0x00000000ff880000, 0x0000000100000000)
  eden space 318976K, 0% used [0x00000000e0000000,0x00000000e0000000,0x00000000f3780000)
  from space 93184K, 62% used [0x00000000f9d80000,0x00000000fd5f4800,0x00000000ff880000)
  to   space 98816K, 0% used [0x00000000f3780000,0x00000000f3780000,0x00000000f9800000)
 ParOldGen       total 357376K, used 184000K [0x00000000a0000000, 0x00000000b5d00000, 0x00000000e0000000)
  object space 357376K, 51% used [0x00000000a0000000,0x00000000ab3b0030,0x00000000b5d00000)
 Metaspace       used 69463K, capacity 71762K, committed 72112K, reserved 1112064K
  class space    used 8629K, capacity 9010K, committed 9136K, reserved 1048576K
}
Event: 448,529 GC heap before
{Heap before GC invocations=49 (full 8):
 PSYoungGen      total 412160K, used 376786K [0x00000000e0000000, 0x00000000ff880000, 0x0000000100000000)
  eden space 318976K, 100% used [0x00000000e0000000,0x00000000f3780000,0x00000000f3780000)
  from space 93184K, 62% used [0x00000000f9d80000,0x00000000fd5f4800,0x00000000ff880000)
  to   space 98816K, 0% used [0x00000000f3780000,0x00000000f3780000,0x00000000f9800000)
 ParOldGen       total 357376K, used 184000K [0x00000000a0000000, 0x00000000b5d00000, 0x00000000e0000000)
  object space 357376K, 51% used [0x00000000a0000000,0x00000000ab3b0030,0x00000000b5d00000)
 Metaspace       used 69463K, capacity 71762K, committed 72112K, reserved 1112064K
  class space    used 8629K, capacity 9010K, committed 9136K, reserved 1048576K
Event: 448,706 GC heap after
Heap after GC invocations=49 (full 8):
 PSYoungGen      total 417792K, used 98810K [0x00000000e0000000, 0x0000000100000000, 0x0000000100000000)
  eden space 318976K, 0% used [0x00000000e0000000,0x00000000e0000000,0x00000000f3780000)
  from space 98816K, 99% used [0x00000000f3780000,0x00000000f97fe858,0x00000000f9800000)
  to   space 106496K, 0% used [0x00000000f9800000,0x00000000f9800000,0x0000000100000000)
 ParOldGen       total 357376K, used 250583K [0x00000000a0000000, 0x00000000b5d00000, 0x00000000e0000000)
  object space 357376K, 70% used [0x00000000a0000000,0x00000000af4b5df0,0x00000000b5d00000)
 Metaspace       used 69463K, capacity 71762K, committed 72112K, reserved 1112064K
  class space    used 8629K, capacity 9010K, committed 9136K, reserved 1048576K
}
Event: 449,543 GC heap before
{Heap before GC invocations=50 (full 8):
 PSYoungGen      total 417792K, used 417786K [0x00000000e0000000, 0x0000000100000000, 0x0000000100000000)
  eden space 318976K, 100% used [0x00000000e0000000,0x00000000f3780000,0x00000000f3780000)
  from space 98816K, 99% used [0x00000000f3780000,0x00000000f97fe858,0x00000000f9800000)
  to   space 106496K, 0% used [0x00000000f9800000,0x00000000f9800000,0x0000000100000000)
 ParOldGen       total 357376K, used 250583K [0x00000000a0000000, 0x00000000b5d00000, 0x00000000e0000000)
  object space 357376K, 70% used [0x00000000a0000000,0x00000000af4b5df0,0x00000000b5d00000)
 Metaspace       used 69463K, capacity 71762K, committed 72112K, reserved 1112064K
  class space    used 8629K, capacity 9010K, committed 9136K, reserved 1048576K
Event: 449,806 GC heap after
Heap after GC invocations=50 (full 8):
 PSYoungGen      total 281600K, used 106479K [0x00000000e0000000, 0x0000000100000000, 0x0000000100000000)
  eden space 175104K, 0% used [0x00000000e0000000,0x00000000e0000000,0x00000000eab00000)
  from space 106496K, 99% used [0x00000000f9800000,0x00000000ffffbdf0,0x0000000100000000)
  to   space 174592K, 0% used [0x00000000eab00000,0x00000000eab00000,0x00000000f5580000)
 ParOldGen       total 357376K, used 335296K [0x00000000a0000000, 0x00000000b5d00000, 0x00000000e0000000)
  object space 357376K, 93% used [0x00000000a0000000,0x00000000b47703b8,0x00000000b5d00000)
 Metaspace       used 69463K, capacity 71762K, committed 72112K, reserved 1112064K
  class space    used 8629K, capacity 9010K, committed 9136K, reserved 1048576K
}
Event: 449,806 GC heap before
{Heap before GC invocations=51 (full 9):
 PSYoungGen      total 281600K, used 106479K [0x00000000e0000000, 0x0000000100000000, 0x0000000100000000)
  eden space 175104K, 0% used [0x00000000e0000000,0x00000000e0000000,0x00000000eab00000)
  from space 106496K, 99% used [0x00000000f9800000,0x00000000ffffbdf0,0x0000000100000000)
  to   space 174592K, 0% used [0x00000000eab00000,0x00000000eab00000,0x00000000f5580000)
 ParOldGen       total 357376K, used 335296K [0x00000000a0000000, 0x00000000b5d00000, 0x00000000e0000000)
  object space 357376K, 93% used [0x00000000a0000000,0x00000000b47703b8,0x00000000b5d00000)
 Metaspace       used 69463K, capacity 71762K, committed 72112K, reserved 1112064K
  class space    used 8629K, capacity 9010K, committed 9136K, reserved 1048576K

